1770219649.080285 client started (833): version 3.6a, socket /tmp/tmux-197609/default, protocol 8
1770219649.080364 on MSYS_NT-10.0-26100 3.6.5-0eeda3e1.x86_64 2025-10-10 14:51 UTC
1770219649.080382 using libevent 2.1.12-stable poll
1770219649.080397 using ncurses 6.5 20240831
1770219649.080417 flags are 0x10010000
1770219649.080430 socket is /tmp/tmux-197609/default
1770219649.081472 trying connect
1770219649.082089 add peer 0xa0002f640: 6 (0x0)
1770219649.082911 sending message 111 to peer 0xa0002f640 (8 bytes)
1770219649.082934 sending message 111 to peer 0xa0002f640 (8 bytes)
1770219649.082947 sending message 101 to peer 0xa0002f640 (14 bytes)
1770219649.083052 sending message 109 to peer 0xa0002f640 (4 bytes)
1770219649.083061 sending message 102 to peer 0xa0002f640 (10 bytes)
1770219649.083066 sending message 108 to peer 0xa0002f640 (36 bytes)
1770219649.083072 sending message 112 to peer 0xa0002f640 (70 bytes)
1770219649.083077 sending message 112 to peer 0xa0002f640 (5 bytes)
1770219649.083083 sending message 112 to peer 0xa0002f640 (5 bytes)
1770219649.083088 sending message 112 to peer 0xa0002f640 (6 bytes)
1770219649.083093 sending message 112 to peer 0xa0002f640 (6 bytes)
1770219649.083099 sending message 112 to peer 0xa0002f640 (11 bytes)
1770219649.083104 sending message 112 to peer 0xa0002f640 (10 bytes)
1770219649.083110 sending message 112 to peer 0xa0002f640 (13 bytes)
1770219649.083115 sending message 112 to peer 0xa0002f640 (13 bytes)
1770219649.083120 sending message 112 to peer 0xa0002f640 (18 bytes)
1770219649.083126 sending message 112 to peer 0xa0002f640 (11 bytes)
1770219649.083131 sending message 112 to peer 0xa0002f640 (10 bytes)
1770219649.083136 sending message 112 to peer 0xa0002f640 (15 bytes)
1770219649.083142 sending message 112 to peer 0xa0002f640 (21 bytes)
1770219649.083147 sending message 112 to peer 0xa0002f640 (13 bytes)
1770219649.083152 sending message 112 to peer 0xa0002f640 (7 bytes)
1770219649.083158 sending message 112 to peer 0xa0002f640 (13 bytes)
1770219649.083163 sending message 112 to peer 0xa0002f640 (7 bytes)
1770219649.083168 sending message 112 to peer 0xa0002f640 (13 bytes)
1770219649.083174 sending message 112 to peer 0xa0002f640 (9 bytes)
1770219649.083179 sending message 112 to peer 0xa0002f640 (21 bytes)
1770219649.083184 sending message 112 to peer 0xa0002f640 (13 bytes)
1770219649.083189 sending message 112 to peer 0xa0002f640 (8 bytes)
1770219649.083195 sending message 112 to peer 0xa0002f640 (12 bytes)
1770219649.083200 sending message 112 to peer 0xa0002f640 (13 bytes)
1770219649.083206 sending message 112 to peer 0xa0002f640 (9 bytes)
1770219649.083211 sending message 112 to peer 0xa0002f640 (9 bytes)
1770219649.083216 sending message 112 to peer 0xa0002f640 (12 bytes)
1770219649.083222 sending message 112 to peer 0xa0002f640 (8 bytes)
1770219649.083227 sending message 112 to peer 0xa0002f640 (8 bytes)
1770219649.083233 sending message 112 to peer 0xa0002f640 (7 bytes)
1770219649.083238 sending message 112 to peer 0xa0002f640 (7 bytes)
1770219649.083243 sending message 112 to peer 0xa0002f640 (9 bytes)
1770219649.083248 sending message 112 to peer 0xa0002f640 (13 bytes)
1770219649.083254 sending message 112 to peer 0xa0002f640 (6 bytes)
1770219649.083259 sending message 112 to peer 0xa0002f640 (9 bytes)
1770219649.083264 sending message 112 to peer 0xa0002f640 (15 bytes)
1770219649.083270 sending message 112 to peer 0xa0002f640 (13 bytes)
1770219649.083275 sending message 112 to peer 0xa0002f640 (12 bytes)
1770219649.083280 sending message 112 to peer 0xa0002f640 (8 bytes)
1770219649.083285 sending message 112 to peer 0xa0002f640 (14 bytes)
1770219649.083291 sending message 112 to peer 0xa0002f640 (11 bytes)
1770219649.083296 sending message 112 to peer 0xa0002f640 (9 bytes)
1770219649.083301 sending message 112 to peer 0xa0002f640 (10 bytes)
1770219649.083307 sending message 112 to peer 0xa0002f640 (10 bytes)
1770219649.083312 sending message 112 to peer 0xa0002f640 (10 bytes)
1770219649.083317 sending message 112 to peer 0xa0002f640 (10 bytes)
1770219649.083322 sending message 112 to peer 0xa0002f640 (11 bytes)
1770219649.083350 sending message 112 to peer 0xa0002f640 (12 bytes)
1770219649.083357 sending message 112 to peer 0xa0002f640 (12 bytes)
1770219649.083363 sending message 112 to peer 0xa0002f640 (12 bytes)
1770219649.083368 sending message 112 to peer 0xa0002f640 (12 bytes)
1770219649.083373 sending message 112 to peer 0xa0002f640 (12 bytes)
1770219649.083379 sending message 112 to peer 0xa0002f640 (11 bytes)
1770219649.083384 sending message 112 to peer 0xa0002f640 (11 bytes)
1770219649.083389 sending message 112 to peer 0xa0002f640 (12 bytes)
1770219649.083395 sending message 112 to peer 0xa0002f640 (12 bytes)
1770219649.083400 sending message 112 to peer 0xa0002f640 (12 bytes)
1770219649.083405 sending message 112 to peer 0xa0002f640 (12 bytes)
1770219649.083410 sending message 112 to peer 0xa0002f640 (12 bytes)
1770219649.083416 sending message 112 to peer 0xa0002f640 (10 bytes)
1770219649.083421 sending message 112 to peer 0xa0002f640 (12 bytes)
1770219649.083426 sending message 112 to peer 0xa0002f640 (13 bytes)
1770219649.083432 sending message 112 to peer 0xa0002f640 (13 bytes)
1770219649.083437 sending message 112 to peer 0xa0002f640 (13 bytes)
1770219649.083442 sending message 112 to peer 0xa0002f640 (13 bytes)
1770219649.083447 sending message 112 to peer 0xa0002f640 (13 bytes)
1770219649.083453 sending message 112 to peer 0xa0002f640 (8 bytes)
1770219649.083458 sending message 112 to peer 0xa0002f640 (11 bytes)
1770219649.083463 sending message 112 to peer 0xa0002f640 (11 bytes)
1770219649.083469 sending message 112 to peer 0xa0002f640 (11 bytes)
1770219649.083474 sending message 112 to peer 0xa0002f640 (12 bytes)
1770219649.083479 sending message 112 to peer 0xa0002f640 (12 bytes)
1770219649.083484 sending message 112 to peer 0xa0002f640 (12 bytes)
1770219649.083490 sending message 112 to peer 0xa0002f640 (12 bytes)
1770219649.083495 sending message 112 to peer 0xa0002f640 (13 bytes)
1770219649.083500 sending message 112 to peer 0xa0002f640 (13 bytes)
1770219649.083505 sending message 112 to peer 0xa0002f640 (13 bytes)
1770219649.083511 sending message 112 to peer 0xa0002f640 (8 bytes)
1770219649.083516 sending message 112 to peer 0xa0002f640 (13 bytes)
1770219649.083521 sending message 112 to peer 0xa0002f640 (13 bytes)
1770219649.083527 sending message 112 to peer 0xa0002f640 (13 bytes)
1770219649.083532 sending message 112 to peer 0xa0002f640 (13 bytes)
1770219649.083537 sending message 112 to peer 0xa0002f640 (13 bytes)
1770219649.083543 sending message 112 to peer 0xa0002f640 (12 bytes)
1770219649.083548 sending message 112 to peer 0xa0002f640 (12 bytes)
1770219649.083553 sending message 112 to peer 0xa0002f640 (12 bytes)
1770219649.083558 sending message 112 to peer 0xa0002f640 (12 bytes)
1770219649.083563 sending message 112 to peer 0xa0002f640 (13 bytes)
1770219649.083569 sending message 112 to peer 0xa0002f640 (8 bytes)
1770219649.083574 sending message 112 to peer 0xa0002f640 (13 bytes)
1770219649.083579 sending message 112 to peer 0xa0002f640 (13 bytes)
1770219649.083585 sending message 112 to peer 0xa0002f640 (13 bytes)
1770219649.083590 sending message 112 to peer 0xa0002f640 (13 bytes)
1770219649.083595 sending message 112 to peer 0xa0002f640 (13 bytes)
1770219649.083600 sending message 112 to peer 0xa0002f640 (13 bytes)
1770219649.083606 sending message 112 to peer 0xa0002f640 (13 bytes)
1770219649.083611 sending message 112 to peer 0xa0002f640 (12 bytes)
1770219649.083616 sending message 112 to peer 0xa0002f640 (12 bytes)
1770219649.083621 sending message 112 to peer 0xa0002f640 (12 bytes)
1770219649.083627 sending message 112 to peer 0xa0002f640 (8 bytes)
1770219649.083632 sending message 112 to peer 0xa0002f640 (12 bytes)
1770219649.083637 sending message 112 to peer 0xa0002f640 (13 bytes)
1770219649.083643 sending message 112 to peer 0xa0002f640 (13 bytes)
1770219649.083648 sending message 112 to peer 0xa0002f640 (13 bytes)
1770219649.083653 sending message 112 to peer 0xa0002f640 (13 bytes)
1770219649.083658 sending message 112 to peer 0xa0002f640 (13 bytes)
1770219649.083681 sending message 112 to peer 0xa0002f640 (13 bytes)
1770219649.083688 sending message 112 to peer 0xa0002f640 (13 bytes)
1770219649.083693 sending message 112 to peer 0xa0002f640 (13 bytes)
1770219649.083699 sending message 112 to peer 0xa0002f640 (12 bytes)
1770219649.083704 sending message 112 to peer 0xa0002f640 (10 bytes)
1770219649.083709 sending message 112 to peer 0xa0002f640 (12 bytes)
1770219649.083715 sending message 112 to peer 0xa0002f640 (12 bytes)
1770219649.083720 sending message 112 to peer 0xa0002f640 (12 bytes)
1770219649.083725 sending message 112 to peer 0xa0002f640 (13 bytes)
1770219649.083730 sending message 112 to peer 0xa0002f640 (13 bytes)
1770219649.083736 sending message 112 to peer 0xa0002f640 (13 bytes)
1770219649.083741 sending message 112 to peer 0xa0002f640 (13 bytes)
1770219649.083746 sending message 112 to peer 0xa0002f640 (13 bytes)
1770219649.083751 sending message 112 to peer 0xa0002f640 (13 bytes)
1770219649.083757 sending message 112 to peer 0xa0002f640 (13 bytes)
1770219649.083762 sending message 112 to peer 0xa0002f640 (10 bytes)
1770219649.083767 sending message 112 to peer 0xa0002f640 (13 bytes)
1770219649.083773 sending message 112 to peer 0xa0002f640 (12 bytes)
1770219649.083778 sending message 112 to peer 0xa0002f640 (12 bytes)
1770219649.083783 sending message 112 to peer 0xa0002f640 (12 bytes)
1770219649.083788 sending message 112 to peer 0xa0002f640 (10 bytes)
1770219649.083794 sending message 112 to peer 0xa0002f640 (10 bytes)
1770219649.083799 sending message 112 to peer 0xa0002f640 (10 bytes)
1770219649.083804 sending message 112 to peer 0xa0002f640 (12 bytes)
1770219649.083811 sending message 112 to peer 0xa0002f640 (13 bytes)
1770219649.083829 sending message 112 to peer 0xa0002f640 (13 bytes)
1770219649.083838 sending message 112 to peer 0xa0002f640 (13 bytes)
1770219649.083846 sending message 112 to peer 0xa0002f640 (13 bytes)
1770219649.083853 sending message 112 to peer 0xa0002f640 (13 bytes)
1770219649.083860 sending message 112 to peer 0xa0002f640 (11 bytes)
1770219649.083867 sending message 112 to peer 0xa0002f640 (11 bytes)
1770219649.083874 sending message 112 to peer 0xa0002f640 (12 bytes)
1770219649.083881 sending message 112 to peer 0xa0002f640 (12 bytes)
1770219649.083888 sending message 112 to peer 0xa0002f640 (12 bytes)
1770219649.083895 sending message 112 to peer 0xa0002f640 (12 bytes)
1770219649.083902 sending message 112 to peer 0xa0002f640 (12 bytes)
1770219649.083909 sending message 112 to peer 0xa0002f640 (11 bytes)
1770219649.083916 sending message 112 to peer 0xa0002f640 (12 bytes)
1770219649.083923 sending message 112 to peer 0xa0002f640 (12 bytes)
1770219649.083930 sending message 112 to peer 0xa0002f640 (13 bytes)
1770219649.083937 sending message 112 to peer 0xa0002f640 (13 bytes)
1770219649.083945 sending message 112 to peer 0xa0002f640 (13 bytes)
1770219649.083952 sending message 112 to peer 0xa0002f640 (13 bytes)
1770219649.083959 sending message 112 to peer 0xa0002f640 (13 bytes)
1770219649.083966 sending message 112 to peer 0xa0002f640 (10 bytes)
1770219649.083973 sending message 112 to peer 0xa0002f640 (9 bytes)
1770219649.083980 sending message 112 to peer 0xa0002f640 (12 bytes)
1770219649.083987 sending message 112 to peer 0xa0002f640 (13 bytes)
1770219649.083994 sending message 112 to peer 0xa0002f640 (13 bytes)
1770219649.084001 sending message 112 to peer 0xa0002f640 (13 bytes)
1770219649.084008 sending message 112 to peer 0xa0002f640 (13 bytes)
1770219649.084015 sending message 112 to peer 0xa0002f640 (13 bytes)
1770219649.084022 sending message 112 to peer 0xa0002f640 (9 bytes)
1770219649.084029 sending message 112 to peer 0xa0002f640 (12 bytes)
1770219649.084036 sending message 112 to peer 0xa0002f640 (13 bytes)
1770219649.084043 sending message 112 to peer 0xa0002f640 (13 bytes)
1770219649.084049 sending message 112 to peer 0xa0002f640 (13 bytes)
1770219649.084056 sending message 112 to peer 0xa0002f640 (13 bytes)
1770219649.084063 sending message 112 to peer 0xa0002f640 (13 bytes)
1770219649.084073 sending message 112 to peer 0xa0002f640 (11 bytes)
1770219649.084081 sending message 112 to peer 0xa0002f640 (12 bytes)
1770219649.084089 sending message 112 to peer 0xa0002f640 (13 bytes)
1770219649.084096 sending message 112 to peer 0xa0002f640 (13 bytes)
1770219649.084103 sending message 112 to peer 0xa0002f640 (13 bytes)
1770219649.084110 sending message 112 to peer 0xa0002f640 (13 bytes)
1770219649.084117 sending message 112 to peer 0xa0002f640 (13 bytes)
1770219649.084124 sending message 112 to peer 0xa0002f640 (11 bytes)
1770219649.084131 sending message 112 to peer 0xa0002f640 (12 bytes)
1770219649.084137 sending message 112 to peer 0xa0002f640 (12 bytes)
1770219649.084144 sending message 112 to peer 0xa0002f640 (12 bytes)
1770219649.084151 sending message 112 to peer 0xa0002f640 (12 bytes)
1770219649.084159 sending message 112 to peer 0xa0002f640 (12 bytes)
1770219649.084166 sending message 112 to peer 0xa0002f640 (21 bytes)
1770219649.084173 sending message 112 to peer 0xa0002f640 (12 bytes)
1770219649.084181 sending message 112 to peer 0xa0002f640 (9 bytes)
1770219649.084188 sending message 112 to peer 0xa0002f640 (6 bytes)
1770219649.084196 sending message 112 to peer 0xa0002f640 (13 bytes)
1770219649.084203 sending message 112 to peer 0xa0002f640 (8 bytes)
1770219649.084211 sending message 112 to peer 0xa0002f640 (15 bytes)
1770219649.084219 sending message 112 to peer 0xa0002f640 (13 bytes)
1770219649.084227 sending message 112 to peer 0xa0002f640 (9 bytes)
1770219649.084234 sending message 112 to peer 0xa0002f640 (70 bytes)
1770219649.084242 sending message 112 to peer 0xa0002f640 (69 bytes)
1770219649.084250 sending message 112 to peer 0xa0002f640 (10 bytes)
1770219649.084257 sending message 112 to peer 0xa0002f640 (10 bytes)
1770219649.084265 sending message 112 to peer 0xa0002f640 (8 bytes)
1770219649.084272 sending message 112 to peer 0xa0002f640 (15 bytes)
1770219649.084279 sending message 112 to peer 0xa0002f640 (13 bytes)
1770219649.084287 sending message 112 to peer 0xa0002f640 (10 bytes)
1770219649.084294 sending message 112 to peer 0xa0002f640 (10 bytes)
1770219649.084301 sending message 112 to peer 0xa0002f640 (17 bytes)
1770219649.084309 sending message 112 to peer 0xa0002f640 (10 bytes)
1770219649.084316 sending message 112 to peer 0xa0002f640 (13 bytes)
1770219649.084323 sending message 112 to peer 0xa0002f640 (9 bytes)
1770219649.084330 sending message 112 to peer 0xa0002f640 (5 bytes)
1770219649.084337 sending message 112 to peer 0xa0002f640 (15 bytes)
1770219649.084351 sending message 104 to peer 0xa0002f640 (0 bytes)
1770219649.084360 sending message 110 to peer 0xa0002f640 (0 bytes)
1770219649.084367 sending message 107 to peer 0xa0002f640 (4 bytes)
1770219649.084375 sending message 105 to peer 0xa0002f640 (41 bytes)
1770219649.084382 sending message 105 to peer 0xa0002f640 (60 bytes)
1770219649.084389 sending message 105 to peer 0xa0002f640 (20 bytes)
1770219649.084396 sending message 105 to peer 0xa0002f640 (24 bytes)
1770219649.084403 sending message 105 to peer 0xa0002f640 (20 bytes)
1770219649.084411 sending message 105 to peer 0xa0002f640 (19 bytes)
1770219649.084418 sending message 105 to peer 0xa0002f640 (26 bytes)
1770219649.084425 sending message 105 to peer 0xa0002f640 (36 bytes)
1770219649.084432 sending message 105 to peer 0xa0002f640 (71 bytes)
1770219649.084439 sending message 105 to peer 0xa0002f640 (42 bytes)
1770219649.084446 sending message 105 to peer 0xa0002f640 (25 bytes)
1770219649.084453 sending message 105 to peer 0xa0002f640 (30 bytes)
1770219649.084461 sending message 105 to peer 0xa0002f640 (24 bytes)
1770219649.084468 sending message 105 to peer 0xa0002f640 (13 bytes)
1770219649.084475 sending message 105 to peer 0xa0002f640 (62 bytes)
1770219649.084482 sending message 105 to peer 0xa0002f640 (50 bytes)
1770219649.084489 sending message 105 to peer 0xa0002f640 (14 bytes)
1770219649.084496 sending message 105 to peer 0xa0002f640 (13 bytes)
1770219649.084503 sending message 105 to peer 0xa0002f640 (21 bytes)
1770219649.084510 sending message 105 to peer 0xa0002f640 (27 bytes)
1770219649.084546 sending message 105 to peer 0xa0002f640 (40 bytes)
1770219649.084555 sending message 105 to peer 0xa0002f640 (29 bytes)
1770219649.084562 sending message 105 to peer 0xa0002f640 (58 bytes)
1770219649.084569 sending message 105 to peer 0xa0002f640 (31 bytes)
1770219649.084576 sending message 105 to peer 0xa0002f640 (51 bytes)
1770219649.084583 sending message 105 to peer 0xa0002f640 (44 bytes)
1770219649.084590 sending message 105 to peer 0xa0002f640 (19 bytes)
1770219649.084597 sending message 105 to peer 0xa0002f640 (31 bytes)
1770219649.084605 sending message 105 to peer 0xa0002f640 (1441 bytes)
1770219649.084612 sending message 105 to peer 0xa0002f640 (49 bytes)
1770219649.084619 sending message 105 to peer 0xa0002f640 (19 bytes)
1770219649.084626 sending message 105 to peer 0xa0002f640 (17 bytes)
1770219649.084634 sending message 105 to peer 0xa0002f640 (22 bytes)
1770219649.084641 sending message 105 to peer 0xa0002f640 (35 bytes)
1770219649.084649 sending message 105 to peer 0xa0002f640 (36 bytes)
1770219649.084656 sending message 105 to peer 0xa0002f640 (41 bytes)
1770219649.084663 sending message 105 to peer 0xa0002f640 (22 bytes)
1770219649.084670 sending message 105 to peer 0xa0002f640 (44 bytes)
1770219649.084678 sending message 105 to peer 0xa0002f640 (29 bytes)
1770219649.084685 sending message 105 to peer 0xa0002f640 (63 bytes)
1770219649.084692 sending message 105 to peer 0xa0002f640 (60 bytes)
1770219649.084699 sending message 105 to peer 0xa0002f640 (19 bytes)
1770219649.084706 sending message 105 to peer 0xa0002f640 (30 bytes)
1770219649.084713 sending message 105 to peer 0xa0002f640 (13 bytes)
1770219649.084720 sending message 105 to peer 0xa0002f640 (13 bytes)
1770219649.084727 sending message 105 to peer 0xa0002f640 (107 bytes)
1770219649.084734 sending message 105 to peer 0xa0002f640 (35 bytes)
1770219649.084742 sending message 105 to peer 0xa0002f640 (88 bytes)
1770219649.084749 sending message 105 to peer 0xa0002f640 (10 bytes)
1770219649.084756 sending message 105 to peer 0xa0002f640 (31 bytes)
1770219649.084763 sending message 105 to peer 0xa0002f640 (8 bytes)
1770219649.084774 sending message 105 to peer 0xa0002f640 (49 bytes)
1770219649.084780 sending message 105 to peer 0xa0002f640 (24 bytes)
1770219649.084787 sending message 105 to peer 0xa0002f640 (50 bytes)
1770219649.084793 sending message 105 to peer 0xa0002f640 (49 bytes)
1770219649.084799 sending message 105 to peer 0xa0002f640 (21 bytes)
1770219649.084805 sending message 105 to peer 0xa0002f640 (72 bytes)
1770219649.084812 sending message 105 to peer 0xa0002f640 (20 bytes)
1770219649.084819 sending message 105 to peer 0xa0002f640 (90 bytes)
1770219649.084826 sending message 105 to peer 0xa0002f640 (24 bytes)
1770219649.084834 sending message 105 to peer 0xa0002f640 (19 bytes)
1770219649.084841 sending message 105 to peer 0xa0002f640 (9 bytes)
1770219649.084848 sending message 105 to peer 0xa0002f640 (29 bytes)
1770219649.084855 sending message 105 to peer 0xa0002f640 (1594 bytes)
1770219649.084863 sending message 105 to peer 0xa0002f640 (30 bytes)
1770219649.084870 sending message 105 to peer 0xa0002f640 (87 bytes)
1770219649.084878 sending message 105 to peer 0xa0002f640 (20 bytes)
1770219649.084885 sending message 105 to peer 0xa0002f640 (18 bytes)
1770219649.084893 sending message 105 to peer 0xa0002f640 (29 bytes)
1770219649.084899 sending message 105 to peer 0xa0002f640 (23 bytes)
1770219649.084906 sending message 105 to peer 0xa0002f640 (15 bytes)
1770219649.084914 sending message 105 to peer 0xa0002f640 (18 bytes)
1770219649.084921 sending message 105 to peer 0xa0002f640 (18 bytes)
1770219649.084929 sending message 105 to peer 0xa0002f640 (27 bytes)
1770219649.084936 sending message 105 to peer 0xa0002f640 (16 bytes)
1770219649.084944 sending message 106 to peer 0xa0002f640 (0 bytes)
1770219649.085029 sending message 200 to peer 0xa0002f640 (4 bytes)
1770219649.085038 client loop enter
1770219649.085643 peer 0xa0002f640 message 303
1770219649.085656 open write file 2 -
1770219649.085671 sending message 305 to peer 0xa0002f640 (8 bytes)
1770219649.085800 write check file 2
1770219649.086034 peer 0xa0002f640 message 304
1770219649.086046 write 58 to file 2
1770219649.086056 peer 0xa0002f640 message 203
1770219649.086061 file 2 58 bytes left
1770219649.086123 write check file 2
1770219649.086132 client loop exit
