1770219644.822211 client started (815): version 3.6a, socket /tmp/tmux-197609/default, protocol 8
1770219644.822294 on MSYS_NT-10.0-26100 3.6.5-0eeda3e1.x86_64 2025-10-10 14:51 UTC
1770219644.822312 using libevent 2.1.12-stable poll
1770219644.822326 using ncurses 6.5 20240831
1770219644.822347 flags are 0x18010000
1770219644.822360 socket is /tmp/tmux-197609/default
1770219644.823428 trying connect
1770219644.824089 add peer 0xa0002f590: 6 (0x0)
1770219644.824998 sending message 111 to peer 0xa0002f590 (8 bytes)
1770219644.825021 sending message 111 to peer 0xa0002f590 (8 bytes)
1770219644.825034 sending message 101 to peer 0xa0002f590 (15 bytes)
1770219644.825161 sending message 109 to peer 0xa0002f590 (4 bytes)
1770219644.825170 sending message 102 to peer 0xa0002f590 (10 bytes)
1770219644.825176 sending message 108 to peer 0xa0002f590 (36 bytes)
1770219644.825181 sending message 112 to peer 0xa0002f590 (58 bytes)
1770219644.825187 sending message 112 to peer 0xa0002f590 (5 bytes)
1770219644.825192 sending message 112 to peer 0xa0002f590 (5 bytes)
1770219644.825198 sending message 112 to peer 0xa0002f590 (6 bytes)
1770219644.825203 sending message 112 to peer 0xa0002f590 (6 bytes)
1770219644.825209 sending message 112 to peer 0xa0002f590 (11 bytes)
1770219644.825214 sending message 112 to peer 0xa0002f590 (10 bytes)
1770219644.825219 sending message 112 to peer 0xa0002f590 (13 bytes)
1770219644.825225 sending message 112 to peer 0xa0002f590 (14 bytes)
1770219644.825230 sending message 112 to peer 0xa0002f590 (19 bytes)
1770219644.825236 sending message 112 to peer 0xa0002f590 (11 bytes)
1770219644.825241 sending message 112 to peer 0xa0002f590 (10 bytes)
1770219644.825246 sending message 112 to peer 0xa0002f590 (15 bytes)
1770219644.825252 sending message 112 to peer 0xa0002f590 (21 bytes)
1770219644.825257 sending message 112 to peer 0xa0002f590 (13 bytes)
1770219644.825263 sending message 112 to peer 0xa0002f590 (7 bytes)
1770219644.825268 sending message 112 to peer 0xa0002f590 (13 bytes)
1770219644.825273 sending message 112 to peer 0xa0002f590 (7 bytes)
1770219644.825279 sending message 112 to peer 0xa0002f590 (13 bytes)
1770219644.825284 sending message 112 to peer 0xa0002f590 (9 bytes)
1770219644.825289 sending message 112 to peer 0xa0002f590 (21 bytes)
1770219644.825295 sending message 112 to peer 0xa0002f590 (13 bytes)
1770219644.825300 sending message 112 to peer 0xa0002f590 (9 bytes)
1770219644.825305 sending message 112 to peer 0xa0002f590 (16 bytes)
1770219644.825311 sending message 112 to peer 0xa0002f590 (13 bytes)
1770219644.825316 sending message 112 to peer 0xa0002f590 (9 bytes)
1770219644.825321 sending message 112 to peer 0xa0002f590 (9 bytes)
1770219644.825326 sending message 112 to peer 0xa0002f590 (12 bytes)
1770219644.825332 sending message 112 to peer 0xa0002f590 (8 bytes)
1770219644.825337 sending message 112 to peer 0xa0002f590 (8 bytes)
1770219644.825342 sending message 112 to peer 0xa0002f590 (13 bytes)
1770219644.825348 sending message 112 to peer 0xa0002f590 (7 bytes)
1770219644.825353 sending message 112 to peer 0xa0002f590 (7 bytes)
1770219644.825359 sending message 112 to peer 0xa0002f590 (9 bytes)
1770219644.825364 sending message 112 to peer 0xa0002f590 (9 bytes)
1770219644.825369 sending message 112 to peer 0xa0002f590 (15 bytes)
1770219644.825375 sending message 112 to peer 0xa0002f590 (13 bytes)
1770219644.825380 sending message 112 to peer 0xa0002f590 (12 bytes)
1770219644.825385 sending message 112 to peer 0xa0002f590 (8 bytes)
1770219644.825391 sending message 112 to peer 0xa0002f590 (14 bytes)
1770219644.825396 sending message 112 to peer 0xa0002f590 (11 bytes)
1770219644.825402 sending message 112 to peer 0xa0002f590 (9 bytes)
1770219644.825407 sending message 112 to peer 0xa0002f590 (10 bytes)
1770219644.825413 sending message 112 to peer 0xa0002f590 (10 bytes)
1770219644.825418 sending message 112 to peer 0xa0002f590 (10 bytes)
1770219644.825423 sending message 112 to peer 0xa0002f590 (10 bytes)
1770219644.825429 sending message 112 to peer 0xa0002f590 (11 bytes)
1770219644.825434 sending message 112 to peer 0xa0002f590 (12 bytes)
1770219644.825461 sending message 112 to peer 0xa0002f590 (12 bytes)
1770219644.825468 sending message 112 to peer 0xa0002f590 (12 bytes)
1770219644.825474 sending message 112 to peer 0xa0002f590 (12 bytes)
1770219644.825479 sending message 112 to peer 0xa0002f590 (12 bytes)
1770219644.825484 sending message 112 to peer 0xa0002f590 (11 bytes)
1770219644.825489 sending message 112 to peer 0xa0002f590 (11 bytes)
1770219644.825495 sending message 112 to peer 0xa0002f590 (12 bytes)
1770219644.825500 sending message 112 to peer 0xa0002f590 (12 bytes)
1770219644.825506 sending message 112 to peer 0xa0002f590 (12 bytes)
1770219644.825511 sending message 112 to peer 0xa0002f590 (12 bytes)
1770219644.825516 sending message 112 to peer 0xa0002f590 (12 bytes)
1770219644.825522 sending message 112 to peer 0xa0002f590 (9 bytes)
1770219644.825527 sending message 112 to peer 0xa0002f590 (12 bytes)
1770219644.825532 sending message 112 to peer 0xa0002f590 (13 bytes)
1770219644.825538 sending message 112 to peer 0xa0002f590 (13 bytes)
1770219644.825543 sending message 112 to peer 0xa0002f590 (13 bytes)
1770219644.825548 sending message 112 to peer 0xa0002f590 (13 bytes)
1770219644.825554 sending message 112 to peer 0xa0002f590 (13 bytes)
1770219644.825559 sending message 112 to peer 0xa0002f590 (8 bytes)
1770219644.825564 sending message 112 to peer 0xa0002f590 (11 bytes)
1770219644.825569 sending message 112 to peer 0xa0002f590 (11 bytes)
1770219644.825575 sending message 112 to peer 0xa0002f590 (11 bytes)
1770219644.825580 sending message 112 to peer 0xa0002f590 (12 bytes)
1770219644.825585 sending message 112 to peer 0xa0002f590 (12 bytes)
1770219644.825591 sending message 112 to peer 0xa0002f590 (12 bytes)
1770219644.825596 sending message 112 to peer 0xa0002f590 (12 bytes)
1770219644.825601 sending message 112 to peer 0xa0002f590 (13 bytes)
1770219644.825607 sending message 112 to peer 0xa0002f590 (13 bytes)
1770219644.825612 sending message 112 to peer 0xa0002f590 (13 bytes)
1770219644.825617 sending message 112 to peer 0xa0002f590 (8 bytes)
1770219644.825623 sending message 112 to peer 0xa0002f590 (13 bytes)
1770219644.825628 sending message 112 to peer 0xa0002f590 (13 bytes)
1770219644.825653 sending message 112 to peer 0xa0002f590 (13 bytes)
1770219644.825660 sending message 112 to peer 0xa0002f590 (13 bytes)
1770219644.825667 sending message 112 to peer 0xa0002f590 (13 bytes)
1770219644.825675 sending message 112 to peer 0xa0002f590 (12 bytes)
1770219644.825681 sending message 112 to peer 0xa0002f590 (12 bytes)
1770219644.825686 sending message 112 to peer 0xa0002f590 (12 bytes)
1770219644.825692 sending message 112 to peer 0xa0002f590 (12 bytes)
1770219644.825697 sending message 112 to peer 0xa0002f590 (13 bytes)
1770219644.825702 sending message 112 to peer 0xa0002f590 (8 bytes)
1770219644.825708 sending message 112 to peer 0xa0002f590 (13 bytes)
1770219644.825713 sending message 112 to peer 0xa0002f590 (13 bytes)
1770219644.825718 sending message 112 to peer 0xa0002f590 (13 bytes)
1770219644.825723 sending message 112 to peer 0xa0002f590 (13 bytes)
1770219644.825729 sending message 112 to peer 0xa0002f590 (13 bytes)
1770219644.825734 sending message 112 to peer 0xa0002f590 (13 bytes)
1770219644.825739 sending message 112 to peer 0xa0002f590 (13 bytes)
1770219644.825744 sending message 112 to peer 0xa0002f590 (12 bytes)
1770219644.825750 sending message 112 to peer 0xa0002f590 (12 bytes)
1770219644.825755 sending message 112 to peer 0xa0002f590 (12 bytes)
1770219644.825760 sending message 112 to peer 0xa0002f590 (8 bytes)
1770219644.825766 sending message 112 to peer 0xa0002f590 (12 bytes)
1770219644.825771 sending message 112 to peer 0xa0002f590 (13 bytes)
1770219644.825776 sending message 112 to peer 0xa0002f590 (13 bytes)
1770219644.825781 sending message 112 to peer 0xa0002f590 (13 bytes)
1770219644.825787 sending message 112 to peer 0xa0002f590 (13 bytes)
1770219644.825792 sending message 112 to peer 0xa0002f590 (13 bytes)
1770219644.825797 sending message 112 to peer 0xa0002f590 (13 bytes)
1770219644.825823 sending message 112 to peer 0xa0002f590 (13 bytes)
1770219644.825830 sending message 112 to peer 0xa0002f590 (13 bytes)
1770219644.825836 sending message 112 to peer 0xa0002f590 (12 bytes)
1770219644.825841 sending message 112 to peer 0xa0002f590 (10 bytes)
1770219644.825846 sending message 112 to peer 0xa0002f590 (12 bytes)
1770219644.825852 sending message 112 to peer 0xa0002f590 (12 bytes)
1770219644.825857 sending message 112 to peer 0xa0002f590 (12 bytes)
1770219644.825862 sending message 112 to peer 0xa0002f590 (13 bytes)
1770219644.825867 sending message 112 to peer 0xa0002f590 (13 bytes)
1770219644.825873 sending message 112 to peer 0xa0002f590 (13 bytes)
1770219644.825878 sending message 112 to peer 0xa0002f590 (13 bytes)
1770219644.825883 sending message 112 to peer 0xa0002f590 (13 bytes)
1770219644.825888 sending message 112 to peer 0xa0002f590 (13 bytes)
1770219644.825894 sending message 112 to peer 0xa0002f590 (13 bytes)
1770219644.825899 sending message 112 to peer 0xa0002f590 (10 bytes)
1770219644.825904 sending message 112 to peer 0xa0002f590 (13 bytes)
1770219644.825909 sending message 112 to peer 0xa0002f590 (12 bytes)
1770219644.825915 sending message 112 to peer 0xa0002f590 (12 bytes)
1770219644.825920 sending message 112 to peer 0xa0002f590 (12 bytes)
1770219644.825925 sending message 112 to peer 0xa0002f590 (10 bytes)
1770219644.825931 sending message 112 to peer 0xa0002f590 (10 bytes)
1770219644.825936 sending message 112 to peer 0xa0002f590 (10 bytes)
1770219644.825941 sending message 112 to peer 0xa0002f590 (12 bytes)
1770219644.825946 sending message 112 to peer 0xa0002f590 (13 bytes)
1770219644.825952 sending message 112 to peer 0xa0002f590 (13 bytes)
1770219644.825957 sending message 112 to peer 0xa0002f590 (13 bytes)
1770219644.825962 sending message 112 to peer 0xa0002f590 (13 bytes)
1770219644.825967 sending message 112 to peer 0xa0002f590 (13 bytes)
1770219644.825973 sending message 112 to peer 0xa0002f590 (10 bytes)
1770219644.825978 sending message 112 to peer 0xa0002f590 (11 bytes)
1770219644.825983 sending message 112 to peer 0xa0002f590 (12 bytes)
1770219644.825988 sending message 112 to peer 0xa0002f590 (12 bytes)
1770219644.825994 sending message 112 to peer 0xa0002f590 (12 bytes)
1770219644.825999 sending message 112 to peer 0xa0002f590 (12 bytes)
1770219644.826004 sending message 112 to peer 0xa0002f590 (12 bytes)
1770219644.826010 sending message 112 to peer 0xa0002f590 (11 bytes)
1770219644.826015 sending message 112 to peer 0xa0002f590 (12 bytes)
1770219644.826020 sending message 112 to peer 0xa0002f590 (12 bytes)
1770219644.826025 sending message 112 to peer 0xa0002f590 (13 bytes)
1770219644.826031 sending message 112 to peer 0xa0002f590 (13 bytes)
1770219644.826036 sending message 112 to peer 0xa0002f590 (13 bytes)
1770219644.826041 sending message 112 to peer 0xa0002f590 (13 bytes)
1770219644.826046 sending message 112 to peer 0xa0002f590 (13 bytes)
1770219644.826052 sending message 112 to peer 0xa0002f590 (10 bytes)
1770219644.826057 sending message 112 to peer 0xa0002f590 (9 bytes)
1770219644.826062 sending message 112 to peer 0xa0002f590 (12 bytes)
1770219644.826067 sending message 112 to peer 0xa0002f590 (13 bytes)
1770219644.826073 sending message 112 to peer 0xa0002f590 (13 bytes)
1770219644.826078 sending message 112 to peer 0xa0002f590 (13 bytes)
1770219644.826083 sending message 112 to peer 0xa0002f590 (13 bytes)
1770219644.826088 sending message 112 to peer 0xa0002f590 (13 bytes)
1770219644.826094 sending message 112 to peer 0xa0002f590 (9 bytes)
1770219644.826099 sending message 112 to peer 0xa0002f590 (12 bytes)
1770219644.826104 sending message 112 to peer 0xa0002f590 (13 bytes)
1770219644.826110 sending message 112 to peer 0xa0002f590 (13 bytes)
1770219644.826115 sending message 112 to peer 0xa0002f590 (13 bytes)
1770219644.826120 sending message 112 to peer 0xa0002f590 (13 bytes)
1770219644.826125 sending message 112 to peer 0xa0002f590 (13 bytes)
1770219644.826130 sending message 112 to peer 0xa0002f590 (11 bytes)
1770219644.826137 sending message 112 to peer 0xa0002f590 (12 bytes)
1770219644.826143 sending message 112 to peer 0xa0002f590 (13 bytes)
1770219644.826148 sending message 112 to peer 0xa0002f590 (13 bytes)
1770219644.826154 sending message 112 to peer 0xa0002f590 (13 bytes)
1770219644.826159 sending message 112 to peer 0xa0002f590 (13 bytes)
1770219644.826164 sending message 112 to peer 0xa0002f590 (13 bytes)
1770219644.826169 sending message 112 to peer 0xa0002f590 (11 bytes)
1770219644.826175 sending message 112 to peer 0xa0002f590 (12 bytes)
1770219644.826180 sending message 112 to peer 0xa0002f590 (12 bytes)
1770219644.826185 sending message 112 to peer 0xa0002f590 (12 bytes)
1770219644.826190 sending message 112 to peer 0xa0002f590 (12 bytes)
1770219644.826196 sending message 112 to peer 0xa0002f590 (12 bytes)
1770219644.826201 sending message 112 to peer 0xa0002f590 (21 bytes)
1770219644.826206 sending message 112 to peer 0xa0002f590 (12 bytes)
1770219644.826211 sending message 112 to peer 0xa0002f590 (9 bytes)
1770219644.826217 sending message 112 to peer 0xa0002f590 (6 bytes)
1770219644.826222 sending message 112 to peer 0xa0002f590 (13 bytes)
1770219644.826227 sending message 112 to peer 0xa0002f590 (10 bytes)
1770219644.826233 sending message 112 to peer 0xa0002f590 (24 bytes)
1770219644.826238 sending message 112 to peer 0xa0002f590 (13 bytes)
1770219644.826243 sending message 112 to peer 0xa0002f590 (9 bytes)
1770219644.826248 sending message 112 to peer 0xa0002f590 (70 bytes)
1770219644.826254 sending message 112 to peer 0xa0002f590 (69 bytes)
1770219644.826259 sending message 112 to peer 0xa0002f590 (12 bytes)
1770219644.826264 sending message 112 to peer 0xa0002f590 (10 bytes)
1770219644.826270 sending message 112 to peer 0xa0002f590 (10 bytes)
1770219644.826275 sending message 112 to peer 0xa0002f590 (24 bytes)
1770219644.826280 sending message 112 to peer 0xa0002f590 (13 bytes)
1770219644.826285 sending message 112 to peer 0xa0002f590 (10 bytes)
1770219644.826291 sending message 112 to peer 0xa0002f590 (10 bytes)
1770219644.826296 sending message 112 to peer 0xa0002f590 (10 bytes)
1770219644.826301 sending message 112 to peer 0xa0002f590 (13 bytes)
1770219644.826306 sending message 112 to peer 0xa0002f590 (15 bytes)
1770219644.826312 sending message 112 to peer 0xa0002f590 (5 bytes)
1770219644.826322 sending message 104 to peer 0xa0002f590 (0 bytes)
1770219644.826329 sending message 110 to peer 0xa0002f590 (0 bytes)
1770219644.826334 sending message 107 to peer 0xa0002f590 (4 bytes)
1770219644.826340 sending message 105 to peer 0xa0002f590 (41 bytes)
1770219644.826345 sending message 105 to peer 0xa0002f590 (8 bytes)
1770219644.826350 sending message 105 to peer 0xa0002f590 (60 bytes)
1770219644.826356 sending message 105 to peer 0xa0002f590 (20 bytes)
1770219644.826361 sending message 105 to peer 0xa0002f590 (24 bytes)
1770219644.826366 sending message 105 to peer 0xa0002f590 (19 bytes)
1770219644.826372 sending message 105 to peer 0xa0002f590 (27 bytes)
1770219644.826377 sending message 105 to peer 0xa0002f590 (71 bytes)
1770219644.826382 sending message 105 to peer 0xa0002f590 (42 bytes)
1770219644.826387 sending message 105 to peer 0xa0002f590 (25 bytes)
1770219644.826393 sending message 105 to peer 0xa0002f590 (30 bytes)
1770219644.826398 sending message 105 to peer 0xa0002f590 (24 bytes)
1770219644.826403 sending message 105 to peer 0xa0002f590 (13 bytes)
1770219644.826409 sending message 105 to peer 0xa0002f590 (62 bytes)
1770219644.826414 sending message 105 to peer 0xa0002f590 (50 bytes)
1770219644.826419 sending message 105 to peer 0xa0002f590 (14 bytes)
1770219644.826424 sending message 105 to peer 0xa0002f590 (13 bytes)
1770219644.826430 sending message 105 to peer 0xa0002f590 (21 bytes)
1770219644.826435 sending message 105 to peer 0xa0002f590 (27 bytes)
1770219644.826440 sending message 105 to peer 0xa0002f590 (40 bytes)
1770219644.826445 sending message 105 to peer 0xa0002f590 (29 bytes)
1770219644.826464 sending message 105 to peer 0xa0002f590 (58 bytes)
1770219644.826470 sending message 105 to peer 0xa0002f590 (31 bytes)
1770219644.826493 sending message 105 to peer 0xa0002f590 (51 bytes)
1770219644.826500 sending message 105 to peer 0xa0002f590 (44 bytes)
1770219644.826505 sending message 105 to peer 0xa0002f590 (19 bytes)
1770219644.826511 sending message 105 to peer 0xa0002f590 (31 bytes)
1770219644.826516 sending message 105 to peer 0xa0002f590 (1441 bytes)
1770219644.826522 sending message 105 to peer 0xa0002f590 (49 bytes)
1770219644.826527 sending message 105 to peer 0xa0002f590 (19 bytes)
1770219644.826532 sending message 105 to peer 0xa0002f590 (17 bytes)
1770219644.826538 sending message 105 to peer 0xa0002f590 (22 bytes)
1770219644.826543 sending message 105 to peer 0xa0002f590 (35 bytes)
1770219644.826548 sending message 105 to peer 0xa0002f590 (36 bytes)
1770219644.826554 sending message 105 to peer 0xa0002f590 (41 bytes)
1770219644.826559 sending message 105 to peer 0xa0002f590 (22 bytes)
1770219644.826564 sending message 105 to peer 0xa0002f590 (21 bytes)
1770219644.826569 sending message 105 to peer 0xa0002f590 (44 bytes)
1770219644.826575 sending message 105 to peer 0xa0002f590 (29 bytes)
1770219644.826580 sending message 105 to peer 0xa0002f590 (63 bytes)
1770219644.826585 sending message 105 to peer 0xa0002f590 (60 bytes)
1770219644.826591 sending message 105 to peer 0xa0002f590 (20 bytes)
1770219644.826596 sending message 105 to peer 0xa0002f590 (30 bytes)
1770219644.826601 sending message 105 to peer 0xa0002f590 (13 bytes)
1770219644.826607 sending message 105 to peer 0xa0002f590 (107 bytes)
1770219644.826612 sending message 105 to peer 0xa0002f590 (35 bytes)
1770219644.826617 sending message 105 to peer 0xa0002f590 (88 bytes)
1770219644.826622 sending message 105 to peer 0xa0002f590 (10 bytes)
1770219644.826628 sending message 105 to peer 0xa0002f590 (31 bytes)
1770219644.826633 sending message 105 to peer 0xa0002f590 (49 bytes)
1770219644.826638 sending message 105 to peer 0xa0002f590 (8 bytes)
1770219644.826643 sending message 105 to peer 0xa0002f590 (24 bytes)
1770219644.826649 sending message 105 to peer 0xa0002f590 (50 bytes)
1770219644.826659 sending message 105 to peer 0xa0002f590 (49 bytes)
1770219644.826664 sending message 105 to peer 0xa0002f590 (21 bytes)
1770219644.826669 sending message 105 to peer 0xa0002f590 (72 bytes)
1770219644.826675 sending message 105 to peer 0xa0002f590 (20 bytes)
1770219644.826680 sending message 105 to peer 0xa0002f590 (90 bytes)
1770219644.826685 sending message 105 to peer 0xa0002f590 (24 bytes)
1770219644.826690 sending message 105 to peer 0xa0002f590 (19 bytes)
1770219644.826696 sending message 105 to peer 0xa0002f590 (9 bytes)
1770219644.826701 sending message 105 to peer 0xa0002f590 (29 bytes)
1770219644.826706 sending message 105 to peer 0xa0002f590 (1594 bytes)
1770219644.826712 sending message 105 to peer 0xa0002f590 (30 bytes)
1770219644.826717 sending message 105 to peer 0xa0002f590 (87 bytes)
1770219644.826722 sending message 105 to peer 0xa0002f590 (20 bytes)
1770219644.826728 sending message 105 to peer 0xa0002f590 (18 bytes)
1770219644.826733 sending message 105 to peer 0xa0002f590 (29 bytes)
1770219644.826738 sending message 105 to peer 0xa0002f590 (23 bytes)
1770219644.826744 sending message 105 to peer 0xa0002f590 (15 bytes)
1770219644.826749 sending message 105 to peer 0xa0002f590 (21 bytes)
1770219644.826754 sending message 105 to peer 0xa0002f590 (20 bytes)
1770219644.826760 sending message 105 to peer 0xa0002f590 (27 bytes)
1770219644.826765 sending message 105 to peer 0xa0002f590 (16 bytes)
1770219644.826770 sending message 106 to peer 0xa0002f590 (0 bytes)
1770219644.826837 sending message 200 to peer 0xa0002f590 (4 bytes)
1770219644.826844 client loop enter
1770219644.916895 peer 0xa0002f590 message 207
1770219644.916919 sending message 208 to peer 0xa0002f590 (0 bytes)
1770219749.784479 client_signal: Hangup
1770219749.784504 sending message 205 to peer 0xa0002f590 (0 bytes)
1770219749.791025 peer 0xa0002f590 message 204
1770219749.791052 client loop exit
